Using pre-set license
Built from '2020.3/staging' branch; Version is '2020.3.3f1 (76626098c1c4) revision 7758432'; Using compiler version '192528614'; Build Type 'Release'
OS: 'Windows 10 Pro; OS build 19042.1110; Version 2009; 64bit' Language: 'zh' Physical Memory: 32691 MB
BatchMode: 1, IsHumanControllingUs: 0, StartBugReporterOnCrash: 0, Is64bit: 1, IsPro: 0

 COMMAND LINE ARGUMENTS:
C:\Program Files\Unity\Hub\Editor\2020.3.3f1\Editor\Unity.exe
-adb2
-batchMode
-noUpm
-name
AssetImportWorker0
-projectPath
E:/github/Lab3/Lab3
-logFile
Logs/AssetImportWorker0.log
-srvPort
56200
Successfully changed project path to: E:/github/Lab3/Lab3
E:/github/Lab3/Lab3
Using Asset Import Pipeline V2.
Refreshing native plugins compatible for Editor in 26.59 ms, found 1 plugins.
Preloading 0 native plugins for Editor in 0.00 ms.
Initialize engine version: 2020.3.3f1 (76626098c1c4)
[Subsystems] Discovering subsystems at path C:/Program Files/Unity/Hub/Editor/2020.3.3f1/Editor/Data/Resources/UnitySubsystems
[Subsystems] Discovering subsystems at path E:/github/Lab3/Lab3/Assets
GfxDevice: creating device client; threaded=0
Direct3D:
    Version:  Direct3D 11.0 [level 11.1]
    Renderer: NVIDIA GeForce RTX 2080 Ti (ID=0x1e07)
    Vendor:   
    VRAM:     11048 MB
    Driver:   30.0.14.7141
Initialize mono
Mono path[0] = 'C:/Program Files/Unity/Hub/Editor/2020.3.3f1/Editor/Data/Managed'
Mono path[1] = 'C:/Program Files/Unity/Hub/Editor/2020.3.3f1/Editor/Data/MonoBleedingEdge/lib/mono/unityjit'
Mono config path = 'C:/Program Files/Unity/Hub/Editor/2020.3.3f1/Editor/Data/MonoBleedingEdge/etc'
Using monoOptions --debugger-agent=transport=dt_socket,embedding=1,server=y,suspend=n,address=127.0.0.1:56508
Begin MonoManager ReloadAssembly
Registering precompiled unity dll's ...
Register platform support module: C:/Program Files/Unity/Hub/Editor/2020.3.3f1/Editor/Data/PlaybackEngines/WindowsStandaloneSupport/UnityEditor.WindowsStandalone.Extensions.dll
Registered in 0.001825 seconds.
Native extension for WindowsStandalone target not found
Refreshing native plugins compatible for Editor in 26.74 ms, found 1 plugins.
Preloading 0 native plugins for Editor in 0.00 ms.
Invoked RoslynAnalysisRunner static constructor.
RoslynAnalysisRunner will not be running.
RoslynAnalysisRunner has terminated.
Mono: successfully reloaded assembly
- Completed reload, in  0.904 seconds
Platform modules already initialized, skipping
Registering precompiled user dll's ...
Registered in 0.000573 seconds.
Begin MonoManager ReloadAssembly
Native extension for WindowsStandalone target not found
Refreshing native plugins compatible for Editor in 0.24 ms, found 1 plugins.
Preloading 0 native plugins for Editor in 0.00 ms.
Invoked RoslynAnalysisRunner static constructor.
RoslynAnalysisRunner will not be running.
RoslynAnalysisRunner has terminated.
Mono: successfully reloaded assembly
- Completed reload, in  0.812 seconds
Platform modules already initialized, skipping
========================================================================
Worker process is ready to serve import requests
Launched and connected shader compiler UnityShaderCompiler.exe after 0.05 seconds
Refreshing native plugins compatible for Editor in 0.23 ms, found 1 plugins.
Preloading 0 native plugins for Editor in 0.00 ms.
Unloading 1515 Unused Serialized files (Serialized files now loaded: 0)
System memory in use before: 86.3 MB.
System memory in use after: 86.3 MB.

Unloading 14 unused Assets to reduce memory usage. Loaded Objects now: 1972.
Total: 2.184700 ms (FindLiveObjects: 0.159000 ms CreateObjectMapping: 0.043300 ms MarkObjects: 1.852900 ms  DeleteObjects: 0.128600 ms)

========================================================================
Received Import Request.
  path: Assets/Script/IsFacing.cs
  artifactKey: Guid(ad03181585fa76941915796280f214af) Importer(815301076,1909f56bfc062723c751e8b465ee728b)
Start importing Assets/Script/IsFacing.cs using Guid(ad03181585fa76941915796280f214af) Importer(815301076,1909f56bfc062723c751e8b465ee728b)  -> (artifact id: '31db23cb6941f59cb9f9f2b028c094a6') in 0.035830 seconds
  Import took 0.038460 seconds .

========================================================================
Received Import Request.
  Time since last request: 0.001657 seconds.
  path: Assets/Script/PlayerFire.cs
  artifactKey: Guid(127964c93f795b14aafd827b9ede46fd) Importer(815301076,1909f56bfc062723c751e8b465ee728b)
Start importing Assets/Script/PlayerFire.cs using Guid(127964c93f795b14aafd827b9ede46fd) Importer(815301076,1909f56bfc062723c751e8b465ee728b)  -> (artifact id: 'eb1e01b780cc7869a4af72edc1ecfee6') in 0.006013 seconds
  Import took 0.040241 seconds .

========================================================================
Received Import Request.
  Time since last request: 10.708130 seconds.
  path: Assets/Script/FollowAI.cs
  artifactKey: Guid(9f3a66ef9a1574c42b110d98c225c3e7) Importer(815301076,1909f56bfc062723c751e8b465ee728b)
Start importing Assets/Script/FollowAI.cs using Guid(9f3a66ef9a1574c42b110d98c225c3e7) Importer(815301076,1909f56bfc062723c751e8b465ee728b)  -> (artifact id: '3e873bc1b0efb2276143ed5907f5011f') in 0.006097 seconds
  Import took 0.008569 seconds .

========================================================================
Received Prepare
Registering precompiled user dll's ...
Registered in 0.000757 seconds.
Begin MonoManager ReloadAssembly
Native extension for WindowsStandalone target not found
Refreshing native plugins compatible for Editor in 0.24 ms, found 1 plugins.
Preloading 0 native plugins for Editor in 0.00 ms.
Invoked RoslynAnalysisRunner static constructor.
RoslynAnalysisRunner will not be running.
RoslynAnalysisRunner has terminated.
Mono: successfully reloaded assembly
- Completed reload, in  0.895 seconds
Platform modules already initialized, skipping
Refreshing native plugins compatible for Editor in 0.38 ms, found 1 plugins.
Preloading 0 native plugins for Editor in 0.00 ms.
Unloading 1475 Unused Serialized files (Serialized files now loaded: 0)
System memory in use before: 83.0 MB.
System memory in use after: 83.1 MB.

Unloading 10 unused Assets to reduce memory usage. Loaded Objects now: 1974.
Total: 1.996900 ms (FindLiveObjects: 0.143200 ms CreateObjectMapping: 0.046200 ms MarkObjects: 1.719500 ms  DeleteObjects: 0.086300 ms)

========================================================================
Received Import Request.
  Time since last request: 349.719807 seconds.
  path: Assets/Kevin Iglesias/Basic Motions/Materials/BasicMotionsFloor.mat
  artifactKey: Guid(02490f38574ec9541a91585b214de9f6) Importer(815301076,1909f56bfc062723c751e8b465ee728b)
Start importing Assets/Kevin Iglesias/Basic Motions/Materials/BasicMotionsFloor.mat using Guid(02490f38574ec9541a91585b214de9f6) Importer(815301076,1909f56bfc062723c751e8b465ee728b)  -> (artifact id: '66d40c87d7ff85343b9139b8d6165c50') in 0.086206 seconds
  Import took 0.088562 seconds .

========================================================================
Received Import Request.
  Time since last request: 0.001781 seconds.
  path: Assets/Kevin Iglesias/Basic Motions/Materials/BasicMotionsMaterial.mat
  artifactKey: Guid(ccc50d631d14df84a982c4f4acd00013) Importer(815301076,1909f56bfc062723c751e8b465ee728b)
Start importing Assets/Kevin Iglesias/Basic Motions/Materials/BasicMotionsMaterial.mat using Guid(ccc50d631d14df84a982c4f4acd00013) Importer(815301076,1909f56bfc062723c751e8b465ee728b)  -> (artifact id: '182036fbbc535744d43cb92caba3e162') in 0.017055 seconds
  Import took 0.019159 seconds .

========================================================================
Received Import Request.
  Time since last request: 0.002067 seconds.
  path: Assets/Kevin Iglesias/Basic Motions/Materials/BasicMotionsFloor.mat
  artifactKey: Guid(02490f38574ec9541a91585b214de9f6) Importer(815301076,1909f56bfc062723c751e8b465ee728b)
Start importing Assets/Kevin Iglesias/Basic Motions/Materials/BasicMotionsFloor.mat using Guid(02490f38574ec9541a91585b214de9f6) Importer(815301076,1909f56bfc062723c751e8b465ee728b)  -> (artifact id: '66d40c87d7ff85343b9139b8d6165c50') in 0.009548 seconds
  Import took 0.011542 seconds .

========================================================================
Received Import Request.
  Time since last request: 48.679783 seconds.
  path: Assets/Jammo-Character/Materials
  artifactKey: Guid(bed38063483647a43b9793440e0e391d) Importer(815301076,1909f56bfc062723c751e8b465ee728b)
Start importing Assets/Jammo-Character/Materials using Guid(bed38063483647a43b9793440e0e391d) Importer(815301076,1909f56bfc062723c751e8b465ee728b)  -> (artifact id: '3576c30db07f57bb31f1f28727dbd5ff') in 0.006883 seconds
  Import took 0.009169 seconds .

========================================================================
Received Import Request.
  Time since last request: 64.586777 seconds.
  path: Assets/New Material.mat
  artifactKey: Guid(228dcf9b52aa9584590bc648ed5b399c) Importer(815301076,1909f56bfc062723c751e8b465ee728b)
Start importing Assets/New Material.mat using Guid(228dcf9b52aa9584590bc648ed5b399c) Importer(815301076,1909f56bfc062723c751e8b465ee728b)  -> (artifact id: '19f18ed2bde8e30e4d8fb3bd2f5cab83') in 0.016253 seconds
  Import took 0.019456 seconds .

========================================================================
Received Import Request.
  Time since last request: 29.165435 seconds.
  path: Assets
  artifactKey: Guid(00000000000000001000000000000000) Importer(815301076,1909f56bfc062723c751e8b465ee728b)
Start importing Assets using Guid(00000000000000001000000000000000) Importer(815301076,1909f56bfc062723c751e8b465ee728b)  -> (artifact id: 'b2e0e235c0f4af3754229b664788db90') in 0.008908 seconds
  Import took 0.010971 seconds .

========================================================================
Received Import Request.
  Time since last request: 16.512727 seconds.
  path: Assets/New Material 1.mat
  artifactKey: Guid(b4e83b256e5c54b4393b1d8b6aececdf) Importer(815301076,1909f56bfc062723c751e8b465ee728b)
Start importing Assets/New Material 1.mat using Guid(b4e83b256e5c54b4393b1d8b6aececdf) Importer(815301076,1909f56bfc062723c751e8b465ee728b)  -> (artifact id: '5ab50d7243239ca7820ed9fb847c2c37') in 0.012941 seconds
  Import took 0.015376 seconds .

========================================================================
Received Prepare
Registering precompiled user dll's ...
Registered in 0.000823 seconds.
Begin MonoManager ReloadAssembly
Native extension for WindowsStandalone target not found
Refreshing native plugins compatible for Editor in 0.24 ms, found 1 plugins.
Preloading 0 native plugins for Editor in 0.00 ms.
Invoked RoslynAnalysisRunner static constructor.
RoslynAnalysisRunner will not be running.
RoslynAnalysisRunner has terminated.
Mono: successfully reloaded assembly
- Completed reload, in  0.737 seconds
Platform modules already initialized, skipping
Refreshing native plugins compatible for Editor in 0.27 ms, found 1 plugins.
Preloading 0 native plugins for Editor in 0.00 ms.
Unloading 1475 Unused Serialized files (Serialized files now loaded: 0)
System memory in use before: 86.3 MB.
System memory in use after: 86.4 MB.

Unloading 9 unused Assets to reduce memory usage. Loaded Objects now: 2017.
Total: 1.376600 ms (FindLiveObjects: 0.174400 ms CreateObjectMapping: 0.040200 ms MarkObjects: 1.105900 ms  DeleteObjects: 0.055400 ms)

========================================================================
Received Prepare
Registering precompiled user dll's ...
Registered in 0.000613 seconds.
Begin MonoManager ReloadAssembly
Native extension for WindowsStandalone target not found
Refreshing native plugins compatible for Editor in 0.24 ms, found 1 plugins.
Preloading 0 native plugins for Editor in 0.00 ms.
Invoked RoslynAnalysisRunner static constructor.
RoslynAnalysisRunner will not be running.
RoslynAnalysisRunner has terminated.
Mono: successfully reloaded assembly
- Completed reload, in  0.756 seconds
Platform modules already initialized, skipping
Refreshing native plugins compatible for Editor in 0.24 ms, found 1 plugins.
Preloading 0 native plugins for Editor in 0.00 ms.
Unloading 1475 Unused Serialized files (Serialized files now loaded: 0)
System memory in use before: 86.4 MB.
System memory in use after: 86.4 MB.

Unloading 9 unused Assets to reduce memory usage. Loaded Objects now: 2020.
Total: 1.505600 ms (FindLiveObjects: 0.126500 ms CreateObjectMapping: 0.037900 ms MarkObjects: 1.249400 ms  DeleteObjects: 0.090600 ms)

========================================================================
Received Prepare
Registering precompiled user dll's ...
Registered in 0.000586 seconds.
Begin MonoManager ReloadAssembly
Native extension for WindowsStandalone target not found
Refreshing native plugins compatible for Editor in 0.23 ms, found 1 plugins.
Preloading 0 native plugins for Editor in 0.00 ms.
Invoked RoslynAnalysisRunner static constructor.
RoslynAnalysisRunner will not be running.
RoslynAnalysisRunner has terminated.
Mono: successfully reloaded assembly
- Completed reload, in  0.703 seconds
Platform modules already initialized, skipping
Refreshing native plugins compatible for Editor in 0.23 ms, found 1 plugins.
Preloading 0 native plugins for Editor in 0.00 ms.
Unloading 1475 Unused Serialized files (Serialized files now loaded: 0)
System memory in use before: 86.4 MB.
System memory in use after: 86.4 MB.

Unloading 9 unused Assets to reduce memory usage. Loaded Objects now: 2023.
Total: 1.313000 ms (FindLiveObjects: 0.122800 ms CreateObjectMapping: 0.038300 ms MarkObjects: 1.096200 ms  DeleteObjects: 0.055000 ms)

========================================================================
Received Prepare
Registering precompiled user dll's ...
Registered in 0.000663 seconds.
Begin MonoManager ReloadAssembly
Native extension for WindowsStandalone target not found
Refreshing native plugins compatible for Editor in 0.23 ms, found 1 plugins.
Preloading 0 native plugins for Editor in 0.00 ms.
Invoked RoslynAnalysisRunner static constructor.
RoslynAnalysisRunner will not be running.
RoslynAnalysisRunner has terminated.
Mono: successfully reloaded assembly
- Completed reload, in  0.696 seconds
Platform modules already initialized, skipping
Refreshing native plugins compatible for Editor in 0.24 ms, found 1 plugins.
Preloading 0 native plugins for Editor in 0.00 ms.
Unloading 1475 Unused Serialized files (Serialized files now loaded: 0)
System memory in use before: 86.4 MB.
System memory in use after: 86.5 MB.

Unloading 9 unused Assets to reduce memory usage. Loaded Objects now: 2026.
Total: 1.935500 ms (FindLiveObjects: 0.230100 ms CreateObjectMapping: 0.049400 ms MarkObjects: 1.594400 ms  DeleteObjects: 0.060100 ms)

========================================================================
Received Prepare
Registering precompiled user dll's ...
Registered in 0.000608 seconds.
Begin MonoManager ReloadAssembly
Native extension for WindowsStandalone target not found
Refreshing native plugins compatible for Editor in 0.25 ms, found 1 plugins.
Preloading 0 native plugins for Editor in 0.00 ms.
Invoked RoslynAnalysisRunner static constructor.
RoslynAnalysisRunner will not be running.
RoslynAnalysisRunner has terminated.
Mono: successfully reloaded assembly
- Completed reload, in  0.795 seconds
Platform modules already initialized, skipping
Refreshing native plugins compatible for Editor in 0.23 ms, found 1 plugins.
Preloading 0 native plugins for Editor in 0.00 ms.
Unloading 1475 Unused Serialized files (Serialized files now loaded: 0)
System memory in use before: 86.4 MB.
System memory in use after: 86.5 MB.

Unloading 9 unused Assets to reduce memory usage. Loaded Objects now: 2029.
Total: 1.425900 ms (FindLiveObjects: 0.129900 ms CreateObjectMapping: 0.038000 ms MarkObjects: 1.189400 ms  DeleteObjects: 0.067800 ms)

========================================================================
Received Prepare
Registering precompiled user dll's ...
Registered in 0.000891 seconds.
Begin MonoManager ReloadAssembly
Native extension for WindowsStandalone target not found
Refreshing native plugins compatible for Editor in 0.24 ms, found 1 plugins.
Preloading 0 native plugins for Editor in 0.00 ms.
Invoked RoslynAnalysisRunner static constructor.
RoslynAnalysisRunner will not be running.
RoslynAnalysisRunner has terminated.
Mono: successfully reloaded assembly
- Completed reload, in  0.737 seconds
Platform modules already initialized, skipping
Refreshing native plugins compatible for Editor in 0.23 ms, found 1 plugins.
Preloading 0 native plugins for Editor in 0.00 ms.
Unloading 1475 Unused Serialized files (Serialized files now loaded: 0)
System memory in use before: 86.4 MB.
System memory in use after: 86.5 MB.

Unloading 9 unused Assets to reduce memory usage. Loaded Objects now: 2032.
Total: 1.452300 ms (FindLiveObjects: 0.131700 ms CreateObjectMapping: 0.039800 ms MarkObjects: 1.220100 ms  DeleteObjects: 0.059900 ms)

========================================================================
Received Prepare
Registering precompiled user dll's ...
Registered in 0.000654 seconds.
Begin MonoManager ReloadAssembly
Native extension for WindowsStandalone target not found
Refreshing native plugins compatible for Editor in 0.24 ms, found 1 plugins.
Preloading 0 native plugins for Editor in 0.00 ms.
Invoked RoslynAnalysisRunner static constructor.
RoslynAnalysisRunner will not be running.
RoslynAnalysisRunner has terminated.
Mono: successfully reloaded assembly
- Completed reload, in  0.740 seconds
Platform modules already initialized, skipping
Refreshing native plugins compatible for Editor in 0.24 ms, found 1 plugins.
Preloading 0 native plugins for Editor in 0.00 ms.
Unloading 1475 Unused Serialized files (Serialized files now loaded: 0)
System memory in use before: 86.4 MB.
System memory in use after: 86.5 MB.

Unloading 9 unused Assets to reduce memory usage. Loaded Objects now: 2035.
Total: 1.367400 ms (FindLiveObjects: 0.133500 ms CreateObjectMapping: 0.039300 ms MarkObjects: 1.135700 ms  DeleteObjects: 0.058300 ms)

========================================================================
Received Prepare
Registering precompiled user dll's ...
Registered in 0.000605 seconds.
Begin MonoManager ReloadAssembly
Native extension for WindowsStandalone target not found
Refreshing native plugins compatible for Editor in 0.23 ms, found 1 plugins.
Preloading 0 native plugins for Editor in 0.00 ms.
Invoked RoslynAnalysisRunner static constructor.
RoslynAnalysisRunner will not be running.
RoslynAnalysisRunner has terminated.
Mono: successfully reloaded assembly
- Completed reload, in  0.716 seconds
Platform modules already initialized, skipping
Refreshing native plugins compatible for Editor in 0.23 ms, found 1 plugins.
Preloading 0 native plugins for Editor in 0.00 ms.
Unloading 1475 Unused Serialized files (Serialized files now loaded: 0)
System memory in use before: 86.6 MB.
System memory in use after: 86.7 MB.

Unloading 9 unused Assets to reduce memory usage. Loaded Objects now: 2038.
Total: 1.575000 ms (FindLiveObjects: 0.136500 ms CreateObjectMapping: 0.040600 ms MarkObjects: 1.332600 ms  DeleteObjects: 0.064300 ms)

========================================================================
Received Prepare
Registering precompiled user dll's ...
Registered in 0.000640 seconds.
Begin MonoManager ReloadAssembly
Native extension for WindowsStandalone target not found
Refreshing native plugins compatible for Editor in 0.24 ms, found 1 plugins.
Preloading 0 native plugins for Editor in 0.00 ms.
Invoked RoslynAnalysisRunner static constructor.
RoslynAnalysisRunner will not be running.
RoslynAnalysisRunner has terminated.
Mono: successfully reloaded assembly
- Completed reload, in  0.732 seconds
Platform modules already initialized, skipping
Refreshing native plugins compatible for Editor in 0.23 ms, found 1 plugins.
Preloading 0 native plugins for Editor in 0.00 ms.
Unloading 1475 Unused Serialized files (Serialized files now loaded: 0)
System memory in use before: 86.6 MB.
System memory in use after: 86.7 MB.

Unloading 9 unused Assets to reduce memory usage. Loaded Objects now: 2041.
Total: 1.730800 ms (FindLiveObjects: 0.229200 ms CreateObjectMapping: 0.093500 ms MarkObjects: 1.352200 ms  DeleteObjects: 0.054800 ms)

========================================================================
Received Import Request.
  Time since last request: 1953.399638 seconds.
  path: Assets/Prefab/BulletPrefab 1.prefab
  artifactKey: Guid(54dcc18948d708341b086122483d103b) Importer(815301076,1909f56bfc062723c751e8b465ee728b)
Start importing Assets/Prefab/BulletPrefab 1.prefab using Guid(54dcc18948d708341b086122483d103b) Importer(815301076,1909f56bfc062723c751e8b465ee728b)  -> (artifact id: 'dd3d3282b8e5988a2ddf15bfab72ba22') in 0.060406 seconds
  Import took 0.062806 seconds .

========================================================================
Received Prepare
Registering precompiled user dll's ...
Registered in 0.000632 seconds.
Begin MonoManager ReloadAssembly
Native extension for WindowsStandalone target not found
Refreshing native plugins compatible for Editor in 0.24 ms, found 1 plugins.
Preloading 0 native plugins for Editor in 0.00 ms.
Invoked RoslynAnalysisRunner static constructor.
RoslynAnalysisRunner will not be running.
RoslynAnalysisRunner has terminated.
Mono: successfully reloaded assembly
- Completed reload, in  0.765 seconds
Platform modules already initialized, skipping
Refreshing native plugins compatible for Editor in 0.38 ms, found 1 plugins.
Preloading 0 native plugins for Editor in 0.00 ms.
Unloading 1475 Unused Serialized files (Serialized files now loaded: 0)
System memory in use before: 86.7 MB.
System memory in use after: 86.8 MB.

Unloading 10 unused Assets to reduce memory usage. Loaded Objects now: 2046.
Total: 1.482700 ms (FindLiveObjects: 0.169700 ms CreateObjectMapping: 0.050200 ms MarkObjects: 1.202500 ms  DeleteObjects: 0.059300 ms)

========================================================================
Received Import Request.
  Time since last request: 164.538359 seconds.
  path: Assets/Prefab/BulletPrefab 1.prefab
  artifactKey: Guid(54dcc18948d708341b086122483d103b) Importer(815301076,1909f56bfc062723c751e8b465ee728b)
Start importing Assets/Prefab/BulletPrefab 1.prefab using Guid(54dcc18948d708341b086122483d103b) Importer(815301076,1909f56bfc062723c751e8b465ee728b)  -> (artifact id: 'ed3e75a9d08034f118c9c8530c76e304') in 0.055630 seconds
  Import took 0.058174 seconds .

========================================================================
Received Import Request.
  Time since last request: 29.018582 seconds.
  path: ProjectSettings/TagManager.asset
  artifactKey: Guid(00000000000000003000000000000000) Importer(815301076,1909f56bfc062723c751e8b465ee728b)
Start importing ProjectSettings/TagManager.asset using Guid(00000000000000003000000000000000) Importer(815301076,1909f56bfc062723c751e8b465ee728b)  -> (artifact id: '17b44a2eb48bc043c96c57fe382f6b2a') in 0.008631 seconds
  Import took 0.011133 seconds .

========================================================================
Received Import Request.
  Time since last request: 0.001771 seconds.
  path: ProjectSettings/TagManager.asset
  artifactKey: Guid(00000000000000003000000000000000) Importer(815301076,1909f56bfc062723c751e8b465ee728b)
Start importing ProjectSettings/TagManager.asset using Guid(00000000000000003000000000000000) Importer(815301076,1909f56bfc062723c751e8b465ee728b)  -> (artifact id: '17b44a2eb48bc043c96c57fe382f6b2a') in 0.006588 seconds
  Import took 0.008698 seconds .

========================================================================
Received Prepare
Registering precompiled user dll's ...
Registered in 0.000667 seconds.
Begin MonoManager ReloadAssembly
Native extension for WindowsStandalone target not found
Refreshing native plugins compatible for Editor in 0.23 ms, found 1 plugins.
Preloading 0 native plugins for Editor in 0.00 ms.
Invoked RoslynAnalysisRunner static constructor.
RoslynAnalysisRunner will not be running.
RoslynAnalysisRunner has terminated.
Mono: successfully reloaded assembly
- Completed reload, in  0.719 seconds
Platform modules already initialized, skipping
Refreshing native plugins compatible for Editor in 0.23 ms, found 1 plugins.
Preloading 0 native plugins for Editor in 0.00 ms.
Unloading 1475 Unused Serialized files (Serialized files now loaded: 0)
System memory in use before: 86.7 MB.
System memory in use after: 86.8 MB.

Unloading 12 unused Assets to reduce memory usage. Loaded Objects now: 2050.
Total: 1.457500 ms (FindLiveObjects: 0.132800 ms CreateObjectMapping: 0.039700 ms MarkObjects: 1.224400 ms  DeleteObjects: 0.059800 ms)

========================================================================
Received Import Request.
  Time since last request: 16.466644 seconds.
  path: Assets/Prefab/BulletPrefab 1 1.prefab
  artifactKey: Guid(1c493aeecf1231746ba5dd8bce2b52a3) Importer(815301076,1909f56bfc062723c751e8b465ee728b)
Start importing Assets/Prefab/BulletPrefab 1 1.prefab using Guid(1c493aeecf1231746ba5dd8bce2b52a3) Importer(815301076,1909f56bfc062723c751e8b465ee728b)  -> (artifact id: 'add31ad445194e26b5496997fdb12d49') in 0.048165 seconds
  Import took 0.050824 seconds .

========================================================================
Received Prepare
Registering precompiled user dll's ...
Registered in 0.000637 seconds.
Begin MonoManager ReloadAssembly
Native extension for WindowsStandalone target not found
Refreshing native plugins compatible for Editor in 0.23 ms, found 1 plugins.
Preloading 0 native plugins for Editor in 0.00 ms.
Invoked RoslynAnalysisRunner static constructor.
RoslynAnalysisRunner will not be running.
RoslynAnalysisRunner has terminated.
Mono: successfully reloaded assembly
- Completed reload, in  0.696 seconds
Platform modules already initialized, skipping
Refreshing native plugins compatible for Editor in 0.34 ms, found 1 plugins.
Preloading 0 native plugins for Editor in 0.00 ms.
Unloading 1475 Unused Serialized files (Serialized files now loaded: 0)
System memory in use before: 86.7 MB.
System memory in use after: 86.8 MB.

Unloading 10 unused Assets to reduce memory usage. Loaded Objects now: 2054.
Total: 1.436600 ms (FindLiveObjects: 0.138800 ms CreateObjectMapping: 0.044600 ms MarkObjects: 1.193400 ms  DeleteObjects: 0.059100 ms)

========================================================================
Received Import Request.
  Time since last request: 44.116761 seconds.
  path: Assets/Prefab/BulletPrefab 1 1.prefab
  artifactKey: Guid(1c493aeecf1231746ba5dd8bce2b52a3) Importer(815301076,1909f56bfc062723c751e8b465ee728b)
Start importing Assets/Prefab/BulletPrefab 1 1.prefab using Guid(1c493aeecf1231746ba5dd8bce2b52a3) Importer(815301076,1909f56bfc062723c751e8b465ee728b)  -> (artifact id: '7b9e18a1c6c6c7162fd9998bc2ac1621') in 0.050061 seconds
  Import took 0.052474 seconds .

========================================================================
Received Import Request.
  Time since last request: 7.796031 seconds.
  path: Assets/Prefab/BulletPrefab 1 1.prefab
  artifactKey: Guid(1c493aeecf1231746ba5dd8bce2b52a3) Importer(815301076,1909f56bfc062723c751e8b465ee728b)
Start importing Assets/Prefab/BulletPrefab 1 1.prefab using Guid(1c493aeecf1231746ba5dd8bce2b52a3) Importer(815301076,1909f56bfc062723c751e8b465ee728b)  -> (artifact id: '624f15ccad2b5eb432e2452df0d0cb4e') in 0.010147 seconds
  Import took 0.012349 seconds .

========================================================================
Received Import Request.
  Time since last request: 3.699009 seconds.
  path: Assets/Prefab/BulletPrefab 1 1.prefab
  artifactKey: Guid(1c493aeecf1231746ba5dd8bce2b52a3) Importer(815301076,1909f56bfc062723c751e8b465ee728b)
Start importing Assets/Prefab/BulletPrefab 1 1.prefab using Guid(1c493aeecf1231746ba5dd8bce2b52a3) Importer(815301076,1909f56bfc062723c751e8b465ee728b)  -> (artifact id: '8c1844c2de68f0cc3c602445dddd8125') in 0.011102 seconds
  Import took 0.013149 seconds .

========================================================================
Received Import Request.
  Time since last request: 0.008610 seconds.
  path: Assets/Prefab/BulletPrefab 1 1.prefab
  artifactKey: Guid(1c493aeecf1231746ba5dd8bce2b52a3) Importer(815301076,1909f56bfc062723c751e8b465ee728b)
Start importing Assets/Prefab/BulletPrefab 1 1.prefab using Guid(1c493aeecf1231746ba5dd8bce2b52a3) Importer(815301076,1909f56bfc062723c751e8b465ee728b)  -> (artifact id: '8c1844c2de68f0cc3c602445dddd8125') in 0.010678 seconds
  Import took 0.012737 seconds .

========================================================================
Received Prepare
Registering precompiled user dll's ...
Registered in 0.000672 seconds.
Begin MonoManager ReloadAssembly
Native extension for WindowsStandalone target not found
Refreshing native plugins compatible for Editor in 0.25 ms, found 1 plugins.
Preloading 0 native plugins for Editor in 0.00 ms.
Invoked RoslynAnalysisRunner static constructor.
RoslynAnalysisRunner will not be running.
RoslynAnalysisRunner has terminated.
Mono: successfully reloaded assembly
- Completed reload, in  0.724 seconds
Platform modules already initialized, skipping
Refreshing native plugins compatible for Editor in 0.24 ms, found 1 plugins.
Preloading 0 native plugins for Editor in 0.00 ms.
Unloading 1475 Unused Serialized files (Serialized files now loaded: 0)
System memory in use before: 86.7 MB.
System memory in use after: 86.8 MB.

Unloading 10 unused Assets to reduce memory usage. Loaded Objects now: 2058.
Total: 1.430400 ms (FindLiveObjects: 0.138600 ms CreateObjectMapping: 0.043200 ms MarkObjects: 1.190500 ms  DeleteObjects: 0.057300 ms)

========================================================================
Received Prepare
Registering precompiled user dll's ...
Registered in 0.000701 seconds.
Begin MonoManager ReloadAssembly
Native extension for WindowsStandalone target not found
Refreshing native plugins compatible for Editor in 0.24 ms, found 1 plugins.
Preloading 0 native plugins for Editor in 0.00 ms.
Invoked RoslynAnalysisRunner static constructor.
RoslynAnalysisRunner will not be running.
RoslynAnalysisRunner has terminated.
Mono: successfully reloaded assembly
- Completed reload, in  0.740 seconds
Platform modules already initialized, skipping
Refreshing native plugins compatible for Editor in 0.23 ms, found 1 plugins.
Preloading 0 native plugins for Editor in 0.00 ms.
Unloading 1475 Unused Serialized files (Serialized files now loaded: 0)
System memory in use before: 86.7 MB.
System memory in use after: 86.8 MB.

Unloading 9 unused Assets to reduce memory usage. Loaded Objects now: 2061.
Total: 1.515600 ms (FindLiveObjects: 0.182700 ms CreateObjectMapping: 0.053900 ms MarkObjects: 1.218900 ms  DeleteObjects: 0.059200 ms)

========================================================================
Received Import Request.
  Time since last request: 137.336608 seconds.
  path: Assets/Prefab/BulletPrefab 1 1.prefab
  artifactKey: Guid(1c493aeecf1231746ba5dd8bce2b52a3) Importer(815301076,1909f56bfc062723c751e8b465ee728b)
Start importing Assets/Prefab/BulletPrefab 1 1.prefab using Guid(1c493aeecf1231746ba5dd8bce2b52a3) Importer(815301076,1909f56bfc062723c751e8b465ee728b)  -> (artifact id: '01fe84f3d5420714d5816f67b42af545') in 0.052656 seconds
  Import took 0.055473 seconds .

========================================================================
Received Import Request.
  Time since last request: 0.003071 seconds.
  path: Assets/Prefab/BulletPrefab 1 1.prefab
  artifactKey: Guid(1c493aeecf1231746ba5dd8bce2b52a3) Importer(815301076,1909f56bfc062723c751e8b465ee728b)
Start importing Assets/Prefab/BulletPrefab 1 1.prefab using Guid(1c493aeecf1231746ba5dd8bce2b52a3) Importer(815301076,1909f56bfc062723c751e8b465ee728b)  -> (artifact id: '01fe84f3d5420714d5816f67b42af545') in 0.011257 seconds
  Import took 0.014040 seconds .

========================================================================
Received Prepare
Registering precompiled user dll's ...
Registered in 0.000731 seconds.
Begin MonoManager ReloadAssembly
Native extension for WindowsStandalone target not found
Refreshing native plugins compatible for Editor in 0.24 ms, found 1 plugins.
Preloading 0 native plugins for Editor in 0.00 ms.
Invoked RoslynAnalysisRunner static constructor.
RoslynAnalysisRunner will not be running.
RoslynAnalysisRunner has terminated.
Mono: successfully reloaded assembly
- Completed reload, in  0.762 seconds
Platform modules already initialized, skipping
Refreshing native plugins compatible for Editor in 0.54 ms, found 1 plugins.
Preloading 0 native plugins for Editor in 0.00 ms.
Unloading 1475 Unused Serialized files (Serialized files now loaded: 0)
System memory in use before: 86.8 MB.
System memory in use after: 86.8 MB.

Unloading 10 unused Assets to reduce memory usage. Loaded Objects now: 2065.
Total: 1.448000 ms (FindLiveObjects: 0.151300 ms CreateObjectMapping: 0.043000 ms MarkObjects: 1.197700 ms  DeleteObjects: 0.055300 ms)

========================================================================
Received Prepare
Registering precompiled user dll's ...
Registered in 0.000710 seconds.
Begin MonoManager ReloadAssembly
Native extension for WindowsStandalone target not found
Refreshing native plugins compatible for Editor in 0.24 ms, found 1 plugins.
Preloading 0 native plugins for Editor in 0.00 ms.
Invoked RoslynAnalysisRunner static constructor.
RoslynAnalysisRunner will not be running.
RoslynAnalysisRunner has terminated.
Mono: successfully reloaded assembly
- Completed reload, in  0.719 seconds
Platform modules already initialized, skipping
Refreshing native plugins compatible for Editor in 0.24 ms, found 1 plugins.
Preloading 0 native plugins for Editor in 0.00 ms.
Unloading 1475 Unused Serialized files (Serialized files now loaded: 0)
System memory in use before: 86.8 MB.
System memory in use after: 86.8 MB.

Unloading 9 unused Assets to reduce memory usage. Loaded Objects now: 2068.
Total: 1.450000 ms (FindLiveObjects: 0.148100 ms CreateObjectMapping: 0.043300 ms MarkObjects: 1.197800 ms  DeleteObjects: 0.059700 ms)

========================================================================
Received Prepare
Registering precompiled user dll's ...
Registered in 0.000775 seconds.
Begin MonoManager ReloadAssembly
Native extension for WindowsStandalone target not found
Refreshing native plugins compatible for Editor in 0.24 ms, found 1 plugins.
Preloading 0 native plugins for Editor in 0.00 ms.
Invoked RoslynAnalysisRunner static constructor.
RoslynAnalysisRunner will not be running.
RoslynAnalysisRunner has terminated.
Mono: successfully reloaded assembly
- Completed reload, in  0.716 seconds
Platform modules already initialized, skipping
Refreshing native plugins compatible for Editor in 0.26 ms, found 1 plugins.
Preloading 0 native plugins for Editor in 0.00 ms.
Unloading 1475 Unused Serialized files (Serialized files now loaded: 0)
System memory in use before: 86.8 MB.
System memory in use after: 86.9 MB.

Unloading 9 unused Assets to reduce memory usage. Loaded Objects now: 2071.
Total: 1.436300 ms (FindLiveObjects: 0.175400 ms CreateObjectMapping: 0.049900 ms MarkObjects: 1.151000 ms  DeleteObjects: 0.059100 ms)

========================================================================
Received Import Request.
  Time since last request: 212.185269 seconds.
  path: Assets/Prefab/BulletPrefab 1 1.prefab
  artifactKey: Guid(1c493aeecf1231746ba5dd8bce2b52a3) Importer(815301076,1909f56bfc062723c751e8b465ee728b)
Start importing Assets/Prefab/BulletPrefab 1 1.prefab using Guid(1c493aeecf1231746ba5dd8bce2b52a3) Importer(815301076,1909f56bfc062723c751e8b465ee728b)  -> (artifact id: 'fd68f180a743e4f524c1dc37b4b2cf86') in 0.052798 seconds
  Import took 0.055250 seconds .

========================================================================
Received Prepare
Registering precompiled user dll's ...
Registered in 0.000601 seconds.
Begin MonoManager ReloadAssembly
Native extension for WindowsStandalone target not found
Refreshing native plugins compatible for Editor in 0.23 ms, found 1 plugins.
Preloading 0 native plugins for Editor in 0.00 ms.
Invoked RoslynAnalysisRunner static constructor.
RoslynAnalysisRunner will not be running.
RoslynAnalysisRunner has terminated.
Mono: successfully reloaded assembly
- Completed reload, in  0.745 seconds
Platform modules already initialized, skipping
Refreshing native plugins compatible for Editor in 0.36 ms, found 1 plugins.
Preloading 0 native plugins for Editor in 0.00 ms.
Unloading 1475 Unused Serialized files (Serialized files now loaded: 0)
System memory in use before: 86.8 MB.
System memory in use after: 86.9 MB.

Unloading 10 unused Assets to reduce memory usage. Loaded Objects now: 2075.
Total: 1.624900 ms (FindLiveObjects: 0.192100 ms CreateObjectMapping: 0.055300 ms MarkObjects: 1.301900 ms  DeleteObjects: 0.074600 ms)

========================================================================
Received Prepare
Registering precompiled user dll's ...
Registered in 0.000986 seconds.
Begin MonoManager ReloadAssembly
Native extension for WindowsStandalone target not found
Refreshing native plugins compatible for Editor in 0.23 ms, found 1 plugins.
Preloading 0 native plugins for Editor in 0.00 ms.
Invoked RoslynAnalysisRunner static constructor.
RoslynAnalysisRunner will not be running.
RoslynAnalysisRunner has terminated.
Mono: successfully reloaded assembly
- Completed reload, in  0.721 seconds
Platform modules already initialized, skipping
Script error: OnTriggerEnter
This message parameter has to be of type: Collider
The message will be ignored.

Refreshing native plugins compatible for Editor in 0.23 ms, found 1 plugins.
Preloading 0 native plugins for Editor in 0.00 ms.
Unloading 1475 Unused Serialized files (Serialized files now loaded: 0)
System memory in use before: 86.9 MB.
System memory in use after: 87.0 MB.

Unloading 9 unused Assets to reduce memory usage. Loaded Objects now: 2078.
Total: 2.444000 ms (FindLiveObjects: 0.232600 ms CreateObjectMapping: 0.093600 ms MarkObjects: 2.037000 ms  DeleteObjects: 0.079700 ms)

========================================================================
Received Prepare
Registering precompiled user dll's ...
Registered in 0.000636 seconds.
Begin MonoManager ReloadAssembly
Native extension for WindowsStandalone target not found
Refreshing native plugins compatible for Editor in 0.24 ms, found 1 plugins.
Preloading 0 native plugins for Editor in 0.00 ms.
Invoked RoslynAnalysisRunner static constructor.
RoslynAnalysisRunner will not be running.
RoslynAnalysisRunner has terminated.
Mono: successfully reloaded assembly
- Completed reload, in  0.720 seconds
Platform modules already initialized, skipping
Refreshing native plugins compatible for Editor in 0.25 ms, found 1 plugins.
Preloading 0 native plugins for Editor in 0.00 ms.
Unloading 1475 Unused Serialized files (Serialized files now loaded: 0)
System memory in use before: 86.9 MB.
System memory in use after: 87.0 MB.

Unloading 9 unused Assets to reduce memory usage. Loaded Objects now: 2081.
Total: 1.952200 ms (FindLiveObjects: 0.259200 ms CreateObjectMapping: 0.072800 ms MarkObjects: 1.540200 ms  DeleteObjects: 0.078600 ms)

========================================================================
Received Prepare
Registering precompiled user dll's ...
Registered in 0.000627 seconds.
Begin MonoManager ReloadAssembly
Native extension for WindowsStandalone target not found
Refreshing native plugins compatible for Editor in 0.24 ms, found 1 plugins.
Preloading 0 native plugins for Editor in 0.00 ms.
Invoked RoslynAnalysisRunner static constructor.
RoslynAnalysisRunner will not be running.
RoslynAnalysisRunner has terminated.
Mono: successfully reloaded assembly
- Completed reload, in  0.700 seconds
Platform modules already initialized, skipping
Refreshing native plugins compatible for Editor in 0.23 ms, found 1 plugins.
Preloading 0 native plugins for Editor in 0.00 ms.
Unloading 1475 Unused Serialized files (Serialized files now loaded: 0)
System memory in use before: 86.9 MB.
System memory in use after: 87.0 MB.

Unloading 9 unused Assets to reduce memory usage. Loaded Objects now: 2084.
Total: 1.546900 ms (FindLiveObjects: 0.160700 ms CreateObjectMapping: 0.045700 ms MarkObjects: 1.278600 ms  DeleteObjects: 0.060700 ms)

AssetImportWorkerClient::OnTransportError - code=2 error=End of file
